<component name="libraryTable">
  <library name="junit (2)">
    <CLASSES>
      <root url="jar://$USER_HOME$/Downloads/Alice/lib/junit.jar!/" />
    </CLASSES>
    <JAVADOC />
    <SOURCES />
  </library>
</component>